#
# A fatal error has been detected by the Java Runtime Environment:
#
#  EXCEPTION_ACCESS_VIOLATION (0xc0000005) at pc=0x00007ffd27ca1be9, pid=22700, tid=23672
#
# JRE version:  (17.0.10+7) (build )
# Java VM: OpenJDK 64-Bit Server VM (17.0.10+7, mixed mode, sharing, tiered, unknown gc, windows-amd64)
# Problematic frame:
# C  [jimage.dll+0x1be9]
#
# No core dump will be written. Minidumps are not enabled by default on client versions of Windows
#
#

---------------  S U M M A R Y ------------

Command Line: 

Host: Intel(R) Core(TM) i3-6006U CPU @ 2.00GHz, 4 cores, 3G,  Windows 10 , 64 bit Build 19041 (10.0.19041.3636)
Time: Fri Mar  8 09:50:07 2024 Pacific Standard Time elapsed time: 0.176375 seconds (0d 0h 0m 0s)

---------------  T H R E A D  ---------------

Current thread is native thread

Stack: [0x0000008e36b00000,0x0000008e36c00000],  sp=0x0000008e36bfd3e0,  free space=1012k
Native frames: (J=compiled Java code, j=interpreted, Vv=VM code, C=native code)
C  [jimage.dll+0x1be9]
C  [jimage.dll+0x1d77]
C  [jimage.dll+0x2655]
V  [jvm.dll+0x1f2d9a]
V  [jvm.dll+0xb0abe]
V  [jvm.dll+0x7e48ec]
V  [jvm.dll+0x3eff3f]
V  [jvm.dll+0x3f1b71]
C  [jli.dll+0x528f]
C  [ucrtbase.dll+0x21bb2]
C  [KERNEL32.DLL+0x17344]
C  [ntdll.dll+0x526b1]


siginfo: EXCEPTION_ACCESS_VIOLATION (0xc0000005), reading address 0x000000000001700c


Registers:
RAX=0x0000000000005bfc, RBX=0x0000008e36bfd4d1, RCX=0x00007ffd27ca6000, RDX=0x0000000000005bfc
RSP=0x0000008e36bfd3e0, RBP=0x0000008e36bfd4d0, RSI=0x00000000000071c4, RDI=0x0000008e36bfd4d0
R8 =0x00007ffd27ca4288, R9 =0x000000000000001c, R10=0x00007ffd23990000, R11=0x00007ffd27ca6000
R12=0x0000000000000002, R13=0x000001b2ca987700, R14=0x0000008e36bfe540, R15=0x00007ffc99137d98
RIP=0x00007ffd27ca1be9, EFLAGS=0x0000000000010246


Top of Stack: (sp=0x0000008e36bfd3e0)
0x0000008e36bfd3e0:   0000000000000067 00000000000003ff
0x0000008e36bfd3f0:   000001b2ccc6d940 0000008e36bfd550
0x0000008e36bfd400:   000001b2ca998ea0 00007ffd27ca1d77
0x0000008e36bfd410:   000000000000000b 000001b2ca998ea0
0x0000008e36bfd420:   0000008e36bfd471 0000000000000101
0x0000008e36bfd430:   000001b2caa79150 0000000000000067
0x0000008e36bfd440:   000001b2ca988d44 000001b2ca980150
0x0000008e36bfd450:   00000000000006f5 0000000000000168
0x0000008e36bfd460:   000001b2ca988cf0 00007ffd332ae249
0x0000008e36bfd470:   00001037eb9f11ee 00000000ed0005e8
0x0000008e36bfd480:   00007ffc99116830 0000000000000017
0x0000008e36bfd490:   000001b2ca998ea0 0000008e36bfe540
0x0000008e36bfd4a0:   000000000000000b 00007ffd27ca2655
0x0000008e36bfd4b0:   000000000000067e 000000000000067e
0x0000008e36bfd4c0:   000000000000067e 000001b2ed0005e8
0x0000008e36bfd4d0:   61622e6176616a2f 692f6b646a2f6573
0x0000008e36bfd4e0:   2f6c616e7265746e 6f6974706f2f6d76
0x0000008e36bfd4f0:   000001b2ca00736e 00007ffd000003ff
0x0000008e36bfd500:   000000000000067e 000001b2ccc747f0
0x0000008e36bfd510:   000000000000067e 00007ffd332aead2
0x0000008e36bfd520:   000001b2ccc747e0 000001b2ccc50000
0x0000008e36bfd530:   000001b2ca980000 000001b2ccc747e0
0x0000008e36bfd540:   000001b2000003ff 000000000000067e
0x0000008e36bfd550:   000001b2ccc50000 000001b205010004
0x0000008e36bfd560:   000001b2ca988cf0 0000000000005e90
0x0000008e36bfd570:   00000000000005e9 000001b2ca980150
0x0000008e36bfd580:   000001b2ccc747e0 00007ffd3329e3a9
0x0000008e36bfd590:   000001b2ca980000 0000008e36bfd5e0
0x0000008e36bfd5a0:   0000000000000000 0000000000000000
0x0000008e36bfd5b0:   0000000000001000 0000000000000000
0x0000008e36bfd5c0:   0000000000000004 00007ffd30beef82
0x0000008e36bfd5d0:   0000008e36bfd620 0000008e36bfd5f0 

Instructions: (pc=0x00007ffd27ca1be9)
0x00007ffd27ca1ae9:   48 85 c9 74 1d 80 3d 1b 45 00 00 00 74 06 48 8b
0x00007ffd27ca1af9:   53 18 eb 04 48 8b 53 40 e8 ae 0e 00 00 48 83 63
0x00007ffd27ca1b09:   48 00 8b 4b 0c 83 f9 ff 74 09 e8 e4 0c 00 00 83
0x00007ffd27ca1b19:   4b 0c ff 48 8b 4b 70 48 85 c9 74 0f ba 10 00 00
0x00007ffd27ca1b29:   00 e8 fd 0e 00 00 48 83 63 70 00 48 83 c4 20 5b
0x00007ffd27ca1b39:   c3 cc cc 40 53 48 83 ec 20 48 8b d9 48 8d 0d d4
0x00007ffd27ca1b49:   46 00 00 e8 b3 0c 00 00 83 6b 08 01 75 24 48 8b
0x00007ffd27ca1b59:   d3 48 8d 0d b7 44 00 00 e8 22 08 00 00 48 8b cb
0x00007ffd27ca1b69:   e8 de fe ff ff ba 78 00 00 00 48 8b cb e8 b1 0e
0x00007ffd27ca1b79:   00 00 48 8d 0d 9e 46 00 00 48 83 c4 20 5b e9 80
0x00007ffd27ca1b89:   0c 00 00 48 89 5c 24 08 48 89 74 24 10 57 48 83
0x00007ffd27ca1b99:   ec 20 41 8b f1 4d 8b c8 48 8b fa 4c 8b d9 4d 85
0x00007ffd27ca1ba9:   c0 74 78 85 f6 74 74 44 8a 12 48 8d 5a 01 48 8b
0x00007ffd27ca1bb9:   d3 b8 93 01 00 01 eb 12 69 c0 93 01 00 01 41 0f
0x00007ffd27ca1bc9:   b6 ca 44 8a 12 33 c1 48 ff c2 45 84 d2 75 e9 4d
0x00007ffd27ca1bd9:   8b 03 0f ba f0 1f 33 d2 49 8b cb f7 f6 48 63 c2
0x00007ffd27ca1be9:   41 8b 14 81 41 ff 50 08 85 c0 7e 24 8a 0f eb 10
0x00007ffd27ca1bf9:   69 c0 93 01 00 01 0f b6 c9 33 c1 8a 0b 48 ff c3
0x00007ffd27ca1c09:   84 c9 75 ec 0f ba f0 1f 33 d2 f7 f6 8b c2 eb 0e
0x00007ffd27ca1c19:   79 09 83 c9 ff 2b c8 8b c1 eb 03 83 c8 ff 48 8b
0x00007ffd27ca1c29:   5c 24 30 48 8b 74 24 38 48 83 c4 20 5f c3 cc 48
0x00007ffd27ca1c39:   89 5c 24 08 48 89 74 24 10 57 48 83 ec 20 48 8b
0x00007ffd27ca1c49:   f1 48 8d 0d cf 45 00 00 e8 ae 0b 00 00 33 ff 39
0x00007ffd27ca1c59:   3d ba 43 00 00 76 24 48 8b 05 b9 43 00 00 48 8b
0x00007ffd27ca1c69:   d6 48 8b 1c f8 48 8b 0b e8 64 1e 00 00 85 c0 74
0x00007ffd27ca1c79:   2b ff c7 3b 3d 96 43 00 00 72 dc 33 db 48 8d 0d
0x00007ffd27ca1c89:   93 45 00 00 e8 7a 0b 00 00 48 8b 74 24 38 48 8b
0x00007ffd27ca1c99:   c3 48 8b 5c 24 30 48 83 c4 20 5f c3 ff 43 08 eb
0x00007ffd27ca1ca9:   dc cc cc 48 89 5c 24 08 48 89 74 24 10 57 48 83
0x00007ffd27ca1cb9:   ec 20 48 8b d9 48 8b f2 48 8b 49 10 49 8b f8 8b
0x00007ffd27ca1cc9:   53 30 48 8b 01 ff 50 20 4c 8b 43 50 48 8b d6 48
0x00007ffd27ca1cd9:   8b 4b 10 44 8b c8 e8 a8 fe ff ff 83 f8 ff 74 38 



---------------  P R O C E S S  ---------------

VM state: not at safepoint (not fully initialized)

VM Mutex/Monitor currently owned by a thread: None

GC Precious Log:
<Not initialized>


Dynamic libraries:
0x00007ff6800e0000 - 0x00007ff6800ee000 	c:\Users\kmc\.vscode\extensions\redhat.java-1.28.1-win32-x64\jre\17.0.10-win32-x86_64\bin\java.exe
0x00007ffd33290000 - 0x00007ffd33488000 	C:\WINDOWS\SYSTEM32\ntdll.dll
0x00007ffd31560000 - 0x00007ffd3161d000 	C:\WINDOWS\System32\KERNEL32.DLL
0x00007ffd30cd0000 - 0x00007ffd30fc6000 	C:\WINDOWS\System32\KERNELBASE.dll
0x00007ffd30bd0000 - 0x00007ffd30cd0000 	C:\WINDOWS\System32\ucrtbase.dll
0x00007ffd27d40000 - 0x00007ffd27d57000 	c:\Users\kmc\.vscode\extensions\redhat.java-1.28.1-win32-x64\jre\17.0.10-win32-x86_64\bin\jli.dll
0x00007ffd312d0000 - 0x00007ffd3146e000 	C:\WINDOWS\System32\USER32.dll
0x00007ffd312a0000 - 0x00007ffd312c2000 	C:\WINDOWS\System32\win32u.dll
0x00007ffd32b10000 - 0x00007ffd32b3b000 	C:\WINDOWS\System32\GDI32.dll
0x00007ffd310a0000 - 0x00007ffd311b7000 	C:\WINDOWS\System32\gdi32full.dll
0x00007ffd30fd0000 - 0x00007ffd3106d000 	C:\WINDOWS\System32\msvcp_win.dll
0x00007ffd23990000 - 0x00007ffd239ab000 	c:\Users\kmc\.vscode\extensions\redhat.java-1.28.1-win32-x64\jre\17.0.10-win32-x86_64\bin\VCRUNTIME140.dll
0x00007ffd1b1e0000 - 0x00007ffd1b47a000 	C:\WINDOWS\WinSxS\amd64_microsoft.windows.common-controls_6595b64144ccf1df_6.0.19041.3636_none_60b6a03d71f818d5\COMCTL32.dll
0x00007ffd32000000 - 0x00007ffd3209e000 	C:\WINDOWS\System32\msvcrt.dll
0x00007ffd31af0000 - 0x00007ffd31b22000 	C:\WINDOWS\System32\IMM32.DLL
0x00007ffd27d30000 - 0x00007ffd27d3c000 	c:\Users\kmc\.vscode\extensions\redhat.java-1.28.1-win32-x64\jre\17.0.10-win32-x86_64\bin\vcruntime140_1.dll
0x00007ffcf88b0000 - 0x00007ffcf893d000 	c:\Users\kmc\.vscode\extensions\redhat.java-1.28.1-win32-x64\jre\17.0.10-win32-x86_64\bin\msvcp140.dll
0x00007ffc98800000 - 0x00007ffc99462000 	c:\Users\kmc\.vscode\extensions\redhat.java-1.28.1-win32-x64\jre\17.0.10-win32-x86_64\bin\server\jvm.dll
0x00007ffd32160000 - 0x00007ffd32213000 	C:\WINDOWS\System32\ADVAPI32.dll
0x00007ffd32b40000 - 0x00007ffd32bdf000 	C:\WINDOWS\System32\sechost.dll
0x00007ffd31e50000 - 0x00007ffd31f76000 	C:\WINDOWS\System32\RPCRT4.dll
0x00007ffd31070000 - 0x00007ffd31097000 	C:\WINDOWS\System32\bcrypt.dll
0x00007ffd307b0000 - 0x00007ffd307fb000 	C:\WINDOWS\SYSTEM32\POWRPROF.dll
0x00007ffd24330000 - 0x00007ffd24339000 	C:\WINDOWS\SYSTEM32\WSOCK32.dll
0x00007ffd31f90000 - 0x00007ffd31ffb000 	C:\WINDOWS\System32\WS2_32.dll
0x00007ffd27230000 - 0x00007ffd27257000 	C:\WINDOWS\SYSTEM32\WINMM.dll
0x00007ffd29b10000 - 0x00007ffd29b1a000 	C:\WINDOWS\SYSTEM32\VERSION.dll
0x00007ffd30790000 - 0x00007ffd307a2000 	C:\WINDOWS\SYSTEM32\UMPDC.dll
0x00007ffd2f150000 - 0x00007ffd2f162000 	C:\WINDOWS\SYSTEM32\kernel.appcore.dll
0x00007ffd27ca0000 - 0x00007ffd27caa000 	c:\Users\kmc\.vscode\extensions\redhat.java-1.28.1-win32-x64\jre\17.0.10-win32-x86_64\bin\jimage.dll
0x00007ffd2ee60000 - 0x00007ffd2f044000 	C:\WINDOWS\SYSTEM32\DBGHELP.DLL
0x00007ffd23b30000 - 0x00007ffd23b64000 	C:\WINDOWS\SYSTEM32\dbgcore.DLL
0x00007ffd31210000 - 0x00007ffd31292000 	C:\WINDOWS\System32\bcryptPrimitives.dll

dbghelp: loaded successfully - version: 4.0.5 - missing functions: none
symbol engine: initialized successfully - sym options: 0x614 - pdb path: .;c:\Users\kmc\.vscode\extensions\redhat.java-1.28.1-win32-x64\jre\17.0.10-win32-x86_64\bin;C:\WINDOWS\SYSTEM32;C:\WINDOWS\WinSxS\amd64_microsoft.windows.common-controls_6595b64144ccf1df_6.0.19041.3636_none_60b6a03d71f818d5;c:\Users\kmc\.vscode\extensions\redhat.java-1.28.1-win32-x64\jre\17.0.10-win32-x86_64\bin\server

VM Arguments:
java_command: <unknown>
java_class_path (initial): <not set>
Launcher Type: SUN_STANDARD

[Global flags]
     bool UseLargePagesIndividualAllocation        = false                                  {pd product} {ergonomic}

Logging:
Log output configuration:
 #0: stdout all=warning uptime,level,tags
 #1: stderr all=off uptime,level,tags

Environment Variables:
PATH=C:\Program Files\Common Files\Oracle\Java\javapath;C:\WINDOWS\system32;C:\WINDOWS;C:\WINDOWS\System32\Wbem;C:\WINDOWS\System32\WindowsPowerShell\v1.0\;C:\WINDOWS\System32\OpenSSH\;C:\Program Files\dotnet\;C:\Program Files (x86)\Intel\Intel(R) Management Engine Components\DAL;C:\Program Files\Intel\Intel(R) Management Engine Components\DAL;C:\Program Files\Git\cmd;C:\Program Files\nodejs\;C:\Users\kmc\AppData\Local\Microsoft\WindowsApps;;C:\Users\kmc\AppData\Local\Programs\Microsoft VS Code\bin;C:\Users\kmc\AppData\Roaming\npm
USERNAME=kmc
OS=Windows_NT
PROCESSOR_IDENTIFIER=Intel64 Family 6 Model 78 Stepping 3, GenuineIntel
TMP=C:\Users\kmc\AppData\Local\Temp
TEMP=C:\Users\kmc\AppData\Local\Temp



Periodic native trim disabled


---------------  S Y S T E M  ---------------

OS:
 Windows 10 , 64 bit Build 19041 (10.0.19041.3636)
OS uptime: 14 days 12:15 hours

CPU: total 4 (initial active 0) 
Processor Information for all 4 processors :
  Max Mhz: 2000, Current Mhz: 2000, Mhz Limit: 2000

Memory: 4k page, system-wide physical 3965M (140M free)
TotalPageFile size 12157M (AvailPageFile size 23M)
current process WorkingSet (physical memory assigned to process): 8M, peak: 8M
current process commit charge ("private bytes"): 3M, peak: 3M

vm_info: OpenJDK 64-Bit Server VM (17.0.10+7) for windows-amd64 JRE (17.0.10+7), built on Jan 16 2024 23:25:11 by "admin" with MS VC++ 16.10 / 16.11 (VS2019)

END.
